<?xml version="1.0" encoding="UTF-8"?>
<!-- Generated by org.testng.reporters.JUnitReportReporter -->
<testsuite hostname="LKORLAPU-M-L0HA" name="com.applitools.hackathon_ufg.testngcls" tests="1" failures="0" timestamp="4 Jun 2020 11:14:33 GMT" time="24.201" errors="0">
  <testcase name="f" time="24.201" classname="com.applitools.hackathon_ufg.testngcls"/>
</testsuite> <!-- com.applitools.hackathon_ufg.testngcls -->
