<?xml version="1.0" encoding="UTF-8"?>
<!-- Generated by org.testng.reporters.JUnitReportReporter -->
<testsuite hostname="LKORLAPU-M-L0HA" name="com.applitools.hackathon_ufg.UFG_Hackathon" tests="1" failures="0" timestamp="4 Jun 2020 09:39:26 GMT" time="77.863" errors="1">
  <testcase name="testcls" time="77.863" classname="com.applitools.hackathon_ufg.UFG_Hackathon">
    <error type="java.lang.Error" message="com.applitools.eyes.exceptions.DiffsFoundException: Test &#039;Smoke Test&#039; of &#039;Demo App&#039; detected differences! See details at: https://eyes.applitools.com/app/batches/00000251811037522130/00000251811037521990?accountId=gI48B8LjJk_MGiaXkc0hqw~~">
      <![CDATA[java.lang.Error: com.applitools.eyes.exceptions.DiffsFoundException: Test 'Smoke Test' of 'Demo App' detected differences! See details at: https://eyes.applitools.com/app/batches/00000251811037522130/00000251811037521990?accountId=gI48B8LjJk_MGiaXkc0hqw~~
	at com.applitools.eyes.selenium.rendering.VisualGridEyes.parseCloseFutures(VisualGridEyes.java:332)
	at com.applitools.eyes.selenium.rendering.VisualGridEyes.close(VisualGridEyes.java:306)
	at com.applitools.eyes.selenium.Eyes.close(Eyes.java:415)
	at com.applitools.eyes.selenium.Eyes.close(Eyes.java:129)
	at com.applitools.hackathon_ufg.UFG_Hackathon.testcls(UFG_Hackathon.java:126)
	at sun.reflect.NativeMethodAccessorImpl.invoke0(Native Method)
	at sun.reflect.NativeMethodAccessorImpl.invoke(NativeMethodAccessorImpl.java:62)
	at sun.reflect.DelegatingMethodAccessorImpl.invoke(DelegatingMethodAccessorImpl.java:43)
	at java.lang.reflect.Method.invoke(Method.java:498)
	at org.testng.internal.MethodInvocationHelper.invokeMethod(MethodInvocationHelper.java:86)
	at org.testng.internal.Invoker.invokeMethod(Invoker.java:645)
	at org.testng.internal.Invoker.invokeTestMethod(Invoker.java:822)
	at org.testng.internal.Invoker.invokeTestMethods(Invoker.java:1130)
	at org.testng.internal.TestMethodWorker.invokeTestMethods(TestMethodWorker.java:129)
	at org.testng.internal.TestMethodWorker.run(TestMethodWorker.java:112)
	at org.testng.TestRunner.privateRun(TestRunner.java:782)
	at org.testng.TestRunner.run(TestRunner.java:632)
	at org.testng.SuiteRunner.runTest(SuiteRunner.java:366)
	at org.testng.SuiteRunner.runSequentially(SuiteRunner.java:361)
	at org.testng.SuiteRunner.privateRun(SuiteRunner.java:319)
	at org.testng.SuiteRunner.run(SuiteRunner.java:268)
	at org.testng.SuiteRunnerWorker.runSuite(SuiteRunnerWorker.java:52)
	at org.testng.SuiteRunnerWorker.run(SuiteRunnerWorker.java:86)
	at org.testng.TestNG.runSuitesSequentially(TestNG.java:1244)
	at org.testng.TestNG.runSuitesLocally(TestNG.java:1169)
	at org.testng.TestNG.run(TestNG.java:1064)
	at org.testng.remote.RemoteTestNG.run(RemoteTestNG.java:113)
	at org.testng.remote.RemoteTestNG.initAndRun(RemoteTestNG.java:206)
	at org.testng.remote.RemoteTestNG.main(RemoteTestNG.java:177)
Caused by: com.applitools.eyes.exceptions.DiffsFoundException: Test 'Smoke Test' of 'Demo App' detected differences! See details at: https://eyes.applitools.com/app/batches/00000251811037522130/00000251811037521990?accountId=gI48B8LjJk_MGiaXkc0hqw~~
	at com.applitools.eyes.EyesBase.logSessionResultsAndThrowException(EyesBase.java:515)
	at com.applitools.eyes.EyesBase.close(EyesBase.java:488)
	at com.applitools.eyes.visualgrid.services.VisualGridTask.call(VisualGridTask.java:150)
	at com.applitools.eyes.visualgrid.services.VisualGridTask.call(VisualGridTask.java:17)
	at java.util.concurrent.FutureTask.run(FutureTask.java:266)
	at java.util.concurrent.Executors$RunnableAdapter.call(Executors.java:511)
	at java.util.concurrent.FutureTask.run(FutureTask.java:266)
	at java.util.concurrent.ThreadPoolExecutor.runWorker(ThreadPoolExecutor.java:1142)
	at java.util.concurrent.ThreadPoolExecutor$Worker.run(ThreadPoolExecutor.java:617)
	at java.lang.Thread.run(Thread.java:748)
]]>
    </error>
  </testcase> <!-- testcls -->
</testsuite> <!-- com.applitools.hackathon_ufg.UFG_Hackathon -->
